<?xml version="1.0" encoding="UTF-8"?>
<!-- Generated by org.testng.reporters.JUnitXMLReporter -->
<testsuite hostname="DESKTOP-J9QNK7O" ignored="0" name="Test" tests="3" failures="0" timestamp="29 Nov 2022 14:43:04 GMT" time="0.078" errors="0">
  <testcase name="check" time="0.016" classname="com.tourism.testscript.Demo"/>
  <testcase name="find" time="0.0" classname="com.tourism.testscript.Demo"/>
  <testcase name="search" time="0.0" classname="com.tourism.testscript.Demo"/>
</testsuite> <!-- Test -->
